<?xml version="1.0" encoding="UTF-8"?>
<!-- Generated by org.testng.reporters.JUnitXMLReporter -->
<testsuite ignored="0" hostname="Mahesh-PC" failures="2" tests="4" name="Test" time="13.976" errors="0" timestamp="2023-07-10T20:44:31 IST">
  <testcase classname="TestLayer.HomePageTest" name="validateHomePageTitle" time="0.025">
    <failure type="java.lang.AssertionError" message="expected [Dashboard] but found [HMIS LOGIN]">
      <![CDATA[java.lang.AssertionError: expected [Dashboard] but found [HMIS LOGIN]
at TestLayer.HomePageTest.validateHomePageTitle(HomePageTest.java:12)
at java.base/java.util.ArrayList.forEach(ArrayList.java:1511)
... Removed 33 stack frames]]>
    </failure>
  </testcase> <!-- validateHomePageTitle -->
  <testcase classname="TestLayer.HomePageTest" name="validateHomePageUrl" time="0.027"/>
  <testcase classname="TestLayer.LoginPageTest" name="validateLoginFunctionality" time="7.029"/>
  <testcase classname="TestLayer.ContactPageTest" name="validateNewContactFunctionality" time="1.358">
    <failure type="org.testng.internal.reflect.MethodMatcherException" message="
[public void TestLayer.ContactPageTest.validateNewContactFunctionality(java.lang.String,java.lang.String,java.lang.String,java.lang.CharSequence[],java.lang.String) throws java.lang.InterruptedException] has no parameters defined but was found to be using a data provider (either explicitly specified or inherited from class level annotation).
Data provider mismatch
Method: validateNewContactFunctionality([Parameter{index=0, type=java.lang.String, declaredAnnotations=[]}, Parameter{index=1, type=java.lang.String, declaredAnnotations=[]}, Parameter{index=2, type=java.lang.String, declaredAnnotations=[]}, Parameter{index=3, type=[Ljava.lang.CharSequence;, declaredAnnotations=[]}, Parameter{index=4, type=java.lang.String, declaredAnnotations=[]}])
Arguments: [(java.lang.String) Mr.,(java.lang.String) Mahesh,(java.lang.String) Bothe,(java.lang.String) 8796785265,(java.lang.String) 40300,null,null]">
      <![CDATA[org.testng.internal.reflect.MethodMatcherException: 
[public void TestLayer.ContactPageTest.validateNewContactFunctionality(java.lang.String,java.lang.String,java.lang.String,java.lang.CharSequence[],java.lang.String) throws java.lang.InterruptedException] has no parameters defined but was found to be using a data provider (either explicitly specified or inherited from class level annotation).
Data provider mismatch
Method: validateNewContactFunctionality([Parameter{index=0, type=java.lang.String, declaredAnnotations=[]}, Parameter{index=1, type=java.lang.String, declaredAnnotations=[]}, Parameter{index=2, type=java.lang.String, declaredAnnotations=[]}, Parameter{index=3, type=[Ljava.lang.CharSequence;, declaredAnnotations=[]}, Parameter{index=4, type=java.lang.String, declaredAnnotations=[]}])
Arguments: [(java.lang.String) Mr.,(java.lang.String) Mahesh,(java.lang.String) Bothe,(java.lang.String) 8796785265,(java.lang.String) 40300,null,null]
at java.base/java.util.ArrayList.forEach(ArrayList.java:1511)
... Removed 22 stack frames]]>
    </failure>
  </testcase> <!-- validateNewContactFunctionality -->
</testsuite> <!-- Test -->
