<?xml version="1.0" encoding="UTF-8"?>
<!-- Generated by org.testng.reporters.JUnitXMLReporter -->
<testsuite ignored="0" hostname="Mahesh-PC" failures="1" tests="2" name="Test" time="9.964" errors="0" timestamp="2023-07-10T23:40:52 IST">
  <testcase classname="TestLayer.LoginPageTest" name="validateLoginFunctionality" time="6.149"/>
  <testcase classname="TestLayer.ContactPageTest" name="validateNewContactFunctionality" time="0.804">
    <failure type="org.testng.internal.reflect.MethodMatcherException" message="
[public void TestLayer.ContactPageTest.validateNewContactFunctionality(java.lang.String,java.lang.String,java.lang.String) throws java.lang.InterruptedException] has no parameters defined but was found to be using a data provider (either explicitly specified or inherited from class level annotation).
Data provider mismatch
Method: validateNewContactFunctionality([Parameter{index=0, type=java.lang.String, declaredAnnotations=[]}, Parameter{index=1, type=java.lang.String, declaredAnnotations=[]}, Parameter{index=2, type=java.lang.String, declaredAnnotations=[]}])
Arguments: [(java.lang.String) Mr.,(java.lang.String) Mahesh,(java.lang.String) Bothe,null,null,null,null]">
      <![CDATA[org.testng.internal.reflect.MethodMatcherException: 
[public void TestLayer.ContactPageTest.validateNewContactFunctionality(java.lang.String,java.lang.String,java.lang.String) throws java.lang.InterruptedException] has no parameters defined but was found to be using a data provider (either explicitly specified or inherited from class level annotation).
Data provider mismatch
Method: validateNewContactFunctionality([Parameter{index=0, type=java.lang.String, declaredAnnotations=[]}, Parameter{index=1, type=java.lang.String, declaredAnnotations=[]}, Parameter{index=2, type=java.lang.String, declaredAnnotations=[]}])
Arguments: [(java.lang.String) Mr.,(java.lang.String) Mahesh,(java.lang.String) Bothe,null,null,null,null]
at java.base/java.util.ArrayList.forEach(ArrayList.java:1511)
... Removed 22 stack frames]]>
    </failure>
  </testcase> <!-- validateNewContactFunctionality -->
</testsuite> <!-- Test -->
